0 info it worked if it ends with ok
1 verbose cli [ '/Users/onishi/.nodebrew/current/bin/node',
1 verbose cli   '/Users/onishi/.nodebrew/current/bin/npm',
1 verbose cli   'install',
1 verbose cli   'child_process' ]
2 info using npm@2.0.0
3 info using node@v0.11.14
4 verbose node symlink /Users/onishi/.nodebrew/current/bin/node
5 warn package.json hubot-maps@0.0.0 No repository field.
6 verbose readDependencies using package.json deps
7 verbose cache add [ 'child_process', null ]
8 verbose cache add spec="child_process" args=["child_process",null]
9 verbose parsed spec { raw: 'child_process',
9 verbose parsed spec   scope: null,
9 verbose parsed spec   name: 'child_process',
9 verbose parsed spec   rawSpec: '',
9 verbose parsed spec   spec: '*',
9 verbose parsed spec   type: 'range' }
10 verbose parsed spec { raw: 'child_process',
10 verbose parsed spec   scope: null,
10 verbose parsed spec   name: 'child_process',
10 verbose parsed spec   rawSpec: '',
10 verbose parsed spec   spec: '*',
10 verbose parsed spec   type: 'range' }
11 verbose addNamed [ 'child_process', '*' ]
12 verbose addNamed [ null, '*' ]
13 silly lockFile 47f27491-child-process child_process@*
14 verbose lock child_process@* /Users/onishi/.npm/47f27491-child-process.lock
15 silly addNameRange { name: 'child_process', range: '*', hasData: false }
16 verbose mapToRegistry name child_process
17 verbose mapToRegistry uri https://registry.npmjs.org/child_process
18 verbose request on initialization, where is /child_process
19 verbose request after pass 1, where is /child_process
20 verbose request url raw /child_process
21 verbose request resolving registry [ 'https://registry.npmjs.org/', './child_process' ]
22 verbose request after pass 2, where is https://registry.npmjs.org/child_process
23 verbose request no auth needed
24 info attempt registry request try #1 at 00:41:28
25 verbose request id f92401fe3801847d
26 http request GET https://registry.npmjs.org/child_process
27 http 404 https://registry.npmjs.org/child_process
28 verbose headers { date: 'Mon, 03 Nov 2014 15:41:28 GMT',
28 verbose headers   server: 'CouchDB/1.5.0 (Erlang OTP/R16B03)',
28 verbose headers   'content-type': 'application/json',
28 verbose headers   'cache-control': 'max-age=0',
28 verbose headers   'content-length': '52',
28 verbose headers   'accept-ranges': 'bytes',
28 verbose headers   via: '1.1 varnish',
28 verbose headers   age: '0',
28 verbose headers   'x-served-by': 'cache-ty67-TYO',
28 verbose headers   'x-cache': 'MISS',
28 verbose headers   'x-cache-hits': '0',
28 verbose headers   'x-timer': 'S1415029288.641544,VS0,VE132',
28 verbose headers   connection: 'close' }
29 silly registry.get cb [ 404,
29 silly registry.get   { date: 'Mon, 03 Nov 2014 15:41:28 GMT',
29 silly registry.get     server: 'CouchDB/1.5.0 (Erlang OTP/R16B03)',
29 silly registry.get     'content-type': 'application/json',
29 silly registry.get     'cache-control': 'max-age=0',
29 silly registry.get     'content-length': '52',
29 silly registry.get     'accept-ranges': 'bytes',
29 silly registry.get     via: '1.1 varnish',
29 silly registry.get     age: '0',
29 silly registry.get     'x-served-by': 'cache-ty67-TYO',
29 silly registry.get     'x-cache': 'MISS',
29 silly registry.get     'x-cache-hits': '0',
29 silly registry.get     'x-timer': 'S1415029288.641544,VS0,VE132',
29 silly registry.get     connection: 'close' } ]
30 silly lockFile 47f27491-child-process child_process@*
31 silly lockFile 47f27491-child-process child_process@*
32 verbose stack Error: 404 Not Found: child_process
32 verbose stack     at RegClient.<anonymous> (/Users/onishi/.nodebrew/node/v0.11.14/lib/node_modules/npm/node_modules/npm-registry-client/lib/request.js:259:14)
32 verbose stack     at Request._callback (/Users/onishi/.nodebrew/node/v0.11.14/lib/node_modules/npm/node_modules/npm-registry-client/lib/request.js:198:65)
32 verbose stack     at Request.self.callback (/Users/onishi/.nodebrew/node/v0.11.14/lib/node_modules/npm/node_modules/request/request.js:236:22)
32 verbose stack     at Request.emit (events.js:110:17)
32 verbose stack     at Request.<anonymous> (/Users/onishi/.nodebrew/node/v0.11.14/lib/node_modules/npm/node_modules/request/request.js:1142:14)
32 verbose stack     at Request.emit (events.js:129:20)
32 verbose stack     at IncomingMessage.<anonymous> (/Users/onishi/.nodebrew/node/v0.11.14/lib/node_modules/npm/node_modules/request/request.js:1096:12)
32 verbose stack     at IncomingMessage.emit (events.js:129:20)
32 verbose stack     at _stream_readable.js:907:16
32 verbose stack     at process._tickCallback (node.js:372:11)
33 verbose statusCode 404
34 verbose pkgid child_process
35 verbose cwd /Users/onishi/work/study/hubot/kirimi-chan
36 error Darwin 14.0.0
37 error argv "/Users/onishi/.nodebrew/current/bin/node" "/Users/onishi/.nodebrew/current/bin/npm" "install" "child_process"
38 error node v0.11.14
39 error npm  v2.0.0
40 error code E404
41 error 404 Not Found: child_process
41 error 404
41 error 404 'child_process' is not in the npm registry.
41 error 404 You should bug the author to publish it (or use the name yourself!)
41 error 404 It was specified as a dependency of 'kirimi-chan'
41 error 404
41 error 404 Note that you can also install from a
41 error 404 tarball, folder, http url, or git url.
42 verbose exit [ 1, true ]
